  Building 'RegistryProtector' with toolset 'WindowsKernelModeDriver10.0' and the 'Desktop' target platform.
  Stamping x64\Debug\RegistryProtector.inf
  Stamping [Version] section with DriverVer=04/25/2021,13.18.38.879
G:\Projetos\RegistryProtector\RegistryProtector.inf : warning 1420: [DefaultInstall]-based INF cannot be processed as Primitive.
G:\Projetos\RegistryProtector\RegistryProtector.inf(25-25): warning 1421: Section [DefaultInstall] should have an architecture decoration.
G:\Projetos\RegistryProtector\RegistryProtector.inf(36-36): warning 1421: Section [DefaultUninstall] should have an architecture decoration.
G:\Projetos\RegistryProtector\RegistryProtector.inf(74-74): warning 1205: Section [MiniFilter.DriverFiles] referenced from DelFiles and CopyFiles directive.
  RegistryProtector.c
G:\Projetos\RegistryProtector\RegistryProtector.c(16,10): warning C4189: 'Partial': variável local é inicializada mas não referenciada
  RegistryProtector.vcxproj -> G:\Projetos\RegistryProtector\x64\Debug\RegistryProtector.sys
  Done Adding Additional Store
  Successfully signed: G:\Projetos\RegistryProtector\x64\Debug\RegistryProtector.sys
  
  .........................
  Signability test complete.
  
  Errors:
  None
  
  Warnings:
  None
  
  Catalog generation complete.
  G:\Projetos\RegistryProtector\x64\Debug\RegistryProtector\registryprotector.cat
  Done Adding Additional Store
  Successfully signed: G:\Projetos\RegistryProtector\x64\Debug\RegistryProtector\registryprotector.cat
  
